-- The C compiler identification is GNU 11.4.0
-- The CXX compiler identification is GNU 11.4.0
-- Detecting C compiler ABI info
-- Detecting C compiler ABI info - done
-- Check for working C compiler: /usr/bin/cc - skipped
-- Detecting C compile features
-- Detecting C compile features - done
-- Detecting CXX compiler ABI info
-- Detecting CXX compiler ABI info - done
-- Check for working CXX compiler: /usr/bin/c++ - skipped
-- Detecting CXX compile features
-- Detecting CXX compile features - done
-- Found ament_cmake: 1.3.4 (/opt/ros/humble/share/ament_cmake/cmake)
-- Found Python3: /usr/bin/python3.10 (found version "3.10.12") found components: Interpreter 
-- Found rcl_interfaces: 1.2.1 (/opt/ros/humble/share/rcl_interfaces/cmake)
-- Found rosidl_generator_c: 3.1.4 (/opt/ros/humble/share/rosidl_generator_c/cmake)
-- Found rosidl_adapter: 3.1.4 (/opt/ros/humble/share/rosidl_adapter/cmake)
-- Found rosidl_generator_cpp: 3.1.4 (/opt/ros/humble/share/rosidl_generator_cpp/cmake)
-- Using all available rosidl_typesupport_c: rosidl_typesupport_fastrtps_c;rosidl_typesupport_introspection_c
-- Using all available rosidl_typesupport_cpp: rosidl_typesupport_fastrtps_cpp;rosidl_typesupport_introspection_cpp
-- Found moveit_msgs: 2.2.1 (/opt/ros/humble/share/moveit_msgs/cmake)
[31mCMake Error at CMakeLists.txt:13 (find_package):
  By not providing "Findpymoveit2.cmake" in CMAKE_MODULE_PATH this project
  has asked CMake to find a package configuration file provided by
  "pymoveit2", but CMake did not find one.

  Could not find a package configuration file provided by "pymoveit2" with
  any of the following names:

    pymoveit2Config.cmake
    pymoveit2-config.cmake

  Add the installation prefix of "pymoveit2" to CMAKE_PREFIX_PATH or set
  "pymoveit2_DIR" to a directory containing one of the above files.  If
  "pymoveit2" provides a separate development package or SDK, be sure it has
  been installed.

[0m
-- Configuring incomplete, errors occurred!
See also "/home/rkarim/ros2_ws/src/ada_feeding/build/ada_feeding/CMakeFiles/CMakeOutput.log".
