[0.021s] Invoking command in '/home/rkarim/ros2_ws/src/ada_feeding/build/ada_feeding': CMAKE_PREFIX_PATH=/opt/ros/humble /usr/bin/cmake /home/rkarim/ros2_ws/src/ada_feeding/ada_feeding -DCMAKE_INSTALL_PREFIX=/home/rkarim/ros2_ws/src/ada_feeding/install/ada_feeding
[0.193s] -- The C compiler identification is GNU 11.4.0
[0.290s] -- The CXX compiler identification is GNU 11.4.0
[0.300s] -- Detecting C compiler ABI info
[0.360s] -- Detecting C compiler ABI info - done
[0.365s] -- Check for working C compiler: /usr/bin/cc - skipped
[0.366s] -- Detecting C compile features
[0.367s] -- Detecting C compile features - done
[0.369s] -- Detecting CXX compiler ABI info
[0.437s] -- Detecting CXX compiler ABI info - done
[0.442s] -- Check for working CXX compiler: /usr/bin/c++ - skipped
[0.442s] -- Detecting CXX compile features
[0.443s] -- Detecting CXX compile features - done
[0.449s] -- Found ament_cmake: 1.3.4 (/opt/ros/humble/share/ament_cmake/cmake)
[0.565s] -- Found Python3: /usr/bin/python3.10 (found version "3.10.12") found components: Interpreter 
[0.652s] -- Found rcl_interfaces: 1.2.1 (/opt/ros/humble/share/rcl_interfaces/cmake)
[0.692s] -- Found rosidl_generator_c: 3.1.4 (/opt/ros/humble/share/rosidl_generator_c/cmake)
[0.698s] -- Found rosidl_adapter: 3.1.4 (/opt/ros/humble/share/rosidl_adapter/cmake)
[0.708s] -- Found rosidl_generator_cpp: 3.1.4 (/opt/ros/humble/share/rosidl_generator_cpp/cmake)
[0.724s] -- Using all available rosidl_typesupport_c: rosidl_typesupport_fastrtps_c;rosidl_typesupport_introspection_c
[0.745s] -- Using all available rosidl_typesupport_cpp: rosidl_typesupport_fastrtps_cpp;rosidl_typesupport_introspection_cpp
[0.796s] -- Found moveit_msgs: 2.2.1 (/opt/ros/humble/share/moveit_msgs/cmake)
[1.535s] [31mCMake Error at CMakeLists.txt:13 (find_package):
[1.535s]   By not providing "Findpymoveit2.cmake" in CMAKE_MODULE_PATH this project
[1.535s]   has asked CMake to find a package configuration file provided by
[1.535s]   "pymoveit2", but CMake did not find one.
[1.536s] 
[1.536s]   Could not find a package configuration file provided by "pymoveit2" with
[1.536s]   any of the following names:
[1.536s] 
[1.536s]     pymoveit2Config.cmake
[1.536s]     pymoveit2-config.cmake
[1.536s] 
[1.536s]   Add the installation prefix of "pymoveit2" to CMAKE_PREFIX_PATH or set
[1.536s]   "pymoveit2_DIR" to a directory containing one of the above files.  If
[1.536s]   "pymoveit2" provides a separate development package or SDK, be sure it has
[1.536s]   been installed.
[1.536s] 
[1.536s] [0m
[1.536s] -- Configuring incomplete, errors occurred!
[1.536s] See also "/home/rkarim/ros2_ws/src/ada_feeding/build/ada_feeding/CMakeFiles/CMakeOutput.log".
[1.540s] Invoked command in '/home/rkarim/ros2_ws/src/ada_feeding/build/ada_feeding' returned '1': CMAKE_PREFIX_PATH=/opt/ros/humble /usr/bin/cmake /home/rkarim/ros2_ws/src/ada_feeding/ada_feeding -DCMAKE_INSTALL_PREFIX=/home/rkarim/ros2_ws/src/ada_feeding/install/ada_feeding
