[0.510s] DEBUG:colcon:Command line arguments: ['/usr/bin/colcon', 'build', '--packages-skip', 'ada_hardware']
[0.510s] DEBUG:colcon:Parsed command line arguments: Namespace(log_base=None, log_level=None, verb_name='build', build_base='build', install_base='install', merge_install=False, symlink_install=False, test_result_base=None, continue_on_error=False, executor='parallel', parallel_workers=4, event_handlers=None, ignore_user_meta=False, metas=['./colcon.meta'], base_paths=['.'], packages_ignore=None, packages_ignore_regex=None, paths=None, packages_up_to=None, packages_up_to_regex=None, packages_above=None, packages_above_and_dependencies=None, packages_above_depth=None, packages_select_by_dep=None, packages_skip_by_dep=None, packages_skip_up_to=None, packages_select_build_failed=False, packages_skip_build_finished=False, packages_select_test_failures=False, packages_skip_test_passed=False, packages_select=None, packages_skip=['ada_hardware'], packages_select_regex=None, packages_skip_regex=None, packages_start=None, packages_end=None, allow_overriding=[], cmake_args=None, cmake_target=None, cmake_target_skip_unavailable=False, cmake_clean_cache=False, cmake_clean_first=False, cmake_force_configure=False, ament_cmake_args=None, catkin_cmake_args=None, catkin_skip_building_tests=False, mixin_files=None, mixin=None, verb_parser=<colcon_mixin.mixin.mixin_argument.MixinArgumentDecorator object at 0xffffb75981c0>, verb_extension=<colcon_core.verb.build.BuildVerb object at 0xffffb801f190>, main=<bound method BuildVerb.main of <colcon_core.verb.build.BuildVerb object at 0xffffb801f190>>, mixin_verb=('build',))
[0.546s] Level 1:colcon.colcon_core.package_discovery:discover_packages(colcon_meta) check parameters
[0.546s] Level 1:colcon.colcon_core.package_discovery:discover_packages(recursive) check parameters
[0.546s] Level 1:colcon.colcon_core.package_discovery:discover_packages(ignore) check parameters
[0.546s] Level 1:colcon.colcon_core.package_discovery:discover_packages(path) check parameters
[0.546s] Level 1:colcon.colcon_core.package_discovery:discover_packages(colcon_meta) discover
[0.546s] Level 1:colcon.colcon_core.package_discovery:discover_packages(recursive) discover
[0.546s] INFO:colcon.colcon_core.package_discovery:Crawling recursively for packages in '/home/rkarim/ros2_ws/src/ada_feeding'
[0.546s] Level 1:colcon.colcon_core.package_identification:_identify(.) by extensions ['ignore', 'ignore_ament_install']
[0.546s] Level 1:colcon.colcon_core.package_identification:_identify(.) by extension 'ignore'
[0.546s] Level 1:colcon.colcon_core.package_identification:_identify(.) by extension 'ignore_ament_install'
[0.546s] Level 1:colcon.colcon_core.package_identification:_identify(.) by extensions ['colcon_pkg']
[0.546s] Level 1:colcon.colcon_core.package_identification:_identify(.) by extension 'colcon_pkg'
[0.546s] Level 1:colcon.colcon_core.package_identification:_identify(.) by extensions ['colcon_meta']
[0.546s] Level 1:colcon.colcon_core.package_identification:_identify(.) by extension 'colcon_meta'
[0.546s] Level 1:colcon.colcon_core.package_identification:_identify(.) by extensions ['ros']
[0.546s] Level 1:colcon.colcon_core.package_identification:_identify(.) by extension 'ros'
[0.558s] Level 1:colcon.colcon_core.package_identification:_identify(.) by extensions ['cmake', 'python']
[0.558s] Level 1:colcon.colcon_core.package_identification:_identify(.) by extension 'cmake'
[0.558s] Level 1:colcon.colcon_core.package_identification:_identify(.) by extension 'python'
[0.558s] Level 1:colcon.colcon_core.package_identification:_identify(.) by extensions ['python_setup_py']
[0.558s] Level 1:colcon.colcon_core.package_identification:_identify(.) by extension 'python_setup_py'
[0.558s] Level 1:colcon.colcon_core.package_identification:_identify(ada_feeding) by extensions ['ignore', 'ignore_ament_install']
[0.558s] Level 1:colcon.colcon_core.package_identification:_identify(ada_feeding) by extension 'ignore'
[0.558s] Level 1:colcon.colcon_core.package_identification:_identify(ada_feeding) by extension 'ignore_ament_install'
[0.558s] Level 1:colcon.colcon_core.package_identification:_identify(ada_feeding) by extensions ['colcon_pkg']
[0.558s] Level 1:colcon.colcon_core.package_identification:_identify(ada_feeding) by extension 'colcon_pkg'
[0.558s] Level 1:colcon.colcon_core.package_identification:_identify(ada_feeding) by extensions ['colcon_meta']
[0.558s] Level 1:colcon.colcon_core.package_identification:_identify(ada_feeding) by extension 'colcon_meta'
[0.558s] Level 1:colcon.colcon_core.package_identification:_identify(ada_feeding) by extensions ['ros']
[0.558s] Level 1:colcon.colcon_core.package_identification:_identify(ada_feeding) by extension 'ros'
[0.560s] DEBUG:colcon.colcon_core.package_identification:Package 'ada_feeding' with type 'ros.ament_cmake' and name 'ada_feeding'
[0.560s] Level 1:colcon.colcon_core.package_identification:_identify(ada_feeding_msgs) by extensions ['ignore', 'ignore_ament_install']
[0.561s] Level 1:colcon.colcon_core.package_identification:_identify(ada_feeding_msgs) by extension 'ignore'
[0.561s] Level 1:colcon.colcon_core.package_identification:_identify(ada_feeding_msgs) by extension 'ignore_ament_install'
[0.561s] Level 1:colcon.colcon_core.package_identification:_identify(ada_feeding_msgs) by extensions ['colcon_pkg']
[0.561s] Level 1:colcon.colcon_core.package_identification:_identify(ada_feeding_msgs) by extension 'colcon_pkg'
[0.561s] Level 1:colcon.colcon_core.package_identification:_identify(ada_feeding_msgs) by extensions ['colcon_meta']
[0.561s] Level 1:colcon.colcon_core.package_identification:_identify(ada_feeding_msgs) by extension 'colcon_meta'
[0.561s] Level 1:colcon.colcon_core.package_identification:_identify(ada_feeding_msgs) by extensions ['ros']
[0.561s] Level 1:colcon.colcon_core.package_identification:_identify(ada_feeding_msgs) by extension 'ros'
[0.563s] DEBUG:colcon.colcon_core.package_identification:Package 'ada_feeding_msgs' with type 'ros.ament_cmake' and name 'ada_feeding_msgs'
[0.563s] Level 1:colcon.colcon_core.package_identification:_identify(ada_feeding_perception) by extensions ['ignore', 'ignore_ament_install']
[0.563s] Level 1:colcon.colcon_core.package_identification:_identify(ada_feeding_perception) by extension 'ignore'
[0.563s] Level 1:colcon.colcon_core.package_identification:_identify(ada_feeding_perception) by extension 'ignore_ament_install'
[0.563s] Level 1:colcon.colcon_core.package_identification:_identify(ada_feeding_perception) by extensions ['colcon_pkg']
[0.563s] Level 1:colcon.colcon_core.package_identification:_identify(ada_feeding_perception) by extension 'colcon_pkg'
[0.563s] Level 1:colcon.colcon_core.package_identification:_identify(ada_feeding_perception) by extensions ['colcon_meta']
[0.563s] Level 1:colcon.colcon_core.package_identification:_identify(ada_feeding_perception) by extension 'colcon_meta'
[0.563s] Level 1:colcon.colcon_core.package_identification:_identify(ada_feeding_perception) by extensions ['ros']
[0.563s] Level 1:colcon.colcon_core.package_identification:_identify(ada_feeding_perception) by extension 'ros'
[0.564s] DEBUG:colcon.colcon_core.package_identification:Package 'ada_feeding_perception' with type 'ros.ament_python' and name 'ada_feeding_perception'
[0.564s] Level 1:colcon.colcon_core.package_identification:_identify(build) by extensions ['ignore', 'ignore_ament_install']
[0.564s] Level 1:colcon.colcon_core.package_identification:_identify(build) by extension 'ignore'
[0.564s] Level 1:colcon.colcon_core.package_identification:_identify(build) ignored
[0.564s] Level 1:colcon.colcon_core.package_identification:_identify(install) by extensions ['ignore', 'ignore_ament_install']
[0.564s] Level 1:colcon.colcon_core.package_identification:_identify(install) by extension 'ignore'
[0.564s] Level 1:colcon.colcon_core.package_identification:_identify(install) ignored
[0.564s] Level 1:colcon.colcon_core.package_identification:_identify(log) by extensions ['ignore', 'ignore_ament_install']
[0.564s] Level 1:colcon.colcon_core.package_identification:_identify(log) by extension 'ignore'
[0.564s] Level 1:colcon.colcon_core.package_identification:_identify(log) ignored
[0.564s] Level 1:colcon.colcon_core.package_discovery:discover_packages(recursive) using defaults
[0.564s] Level 1:colcon.colcon_core.package_discovery:discover_packages(ignore) discover
[0.564s] Level 1:colcon.colcon_core.package_discovery:discover_packages(ignore) using defaults
[0.564s] Level 1:colcon.colcon_core.package_discovery:discover_packages(path) discover
[0.564s] Level 1:colcon.colcon_core.package_discovery:discover_packages(path) using defaults
[0.565s] WARNING:colcon.colcon_core.package_selection:ignoring unknown package 'ada_hardware' in --packages-skip
[0.589s] Level 1:colcon.colcon_core.package_discovery:discover_packages(prefix_path) check parameters
[0.590s] Level 1:colcon.colcon_core.package_discovery:discover_packages(prefix_path) discover
[0.592s] DEBUG:colcon.colcon_installed_package_information.package_discovery:Found 369 installed packages in /opt/ros/humble
[0.593s] Level 1:colcon.colcon_core.package_discovery:discover_packages(prefix_path) using defaults
[0.634s] Level 5:colcon.colcon_core.verb:set package 'ada_feeding' build argument 'cmake_args' from command line to 'None'
[0.634s] Level 5:colcon.colcon_core.verb:set package 'ada_feeding' build argument 'cmake_target' from command line to 'None'
[0.634s] Level 5:colcon.colcon_core.verb:set package 'ada_feeding' build argument 'cmake_target_skip_unavailable' from command line to 'False'
[0.634s] Level 5:colcon.colcon_core.verb:set package 'ada_feeding' build argument 'cmake_clean_cache' from command line to 'False'
[0.634s] Level 5:colcon.colcon_core.verb:set package 'ada_feeding' build argument 'cmake_clean_first' from command line to 'False'
[0.634s] Level 5:colcon.colcon_core.verb:set package 'ada_feeding' build argument 'cmake_force_configure' from command line to 'False'
[0.634s] Level 5:colcon.colcon_core.verb:set package 'ada_feeding' build argument 'ament_cmake_args' from command line to 'None'
[0.634s] Level 5:colcon.colcon_core.verb:set package 'ada_feeding' build argument 'catkin_cmake_args' from command line to 'None'
[0.634s] Level 5:colcon.colcon_core.verb:set package 'ada_feeding' build argument 'catkin_skip_building_tests' from command line to 'False'
[0.634s] DEBUG:colcon.colcon_core.verb:Building package 'ada_feeding' with the following arguments: {'ament_cmake_args': None, 'build_base': '/home/rkarim/ros2_ws/src/ada_feeding/build/ada_feeding', 'catkin_cmake_args': None, 'catkin_skip_building_tests': False, 'cmake_args': None, 'cmake_clean_cache': False, 'cmake_clean_first': False, 'cmake_force_configure': False, 'cmake_target': None, 'cmake_target_skip_unavailable': False, 'install_base': '/home/rkarim/ros2_ws/src/ada_feeding/install/ada_feeding', 'merge_install': False, 'path': '/home/rkarim/ros2_ws/src/ada_feeding/ada_feeding', 'symlink_install': False, 'test_result_base': None}
[0.634s] Level 5:colcon.colcon_core.verb:set package 'ada_feeding_msgs' build argument 'cmake_args' from command line to 'None'
[0.635s] Level 5:colcon.colcon_core.verb:set package 'ada_feeding_msgs' build argument 'cmake_target' from command line to 'None'
[0.635s] Level 5:colcon.colcon_core.verb:set package 'ada_feeding_msgs' build argument 'cmake_target_skip_unavailable' from command line to 'False'
[0.635s] Level 5:colcon.colcon_core.verb:set package 'ada_feeding_msgs' build argument 'cmake_clean_cache' from command line to 'False'
[0.635s] Level 5:colcon.colcon_core.verb:set package 'ada_feeding_msgs' build argument 'cmake_clean_first' from command line to 'False'
[0.635s] Level 5:colcon.colcon_core.verb:set package 'ada_feeding_msgs' build argument 'cmake_force_configure' from command line to 'False'
[0.635s] Level 5:colcon.colcon_core.verb:set package 'ada_feeding_msgs' build argument 'ament_cmake_args' from command line to 'None'
[0.635s] Level 5:colcon.colcon_core.verb:set package 'ada_feeding_msgs' build argument 'catkin_cmake_args' from command line to 'None'
[0.635s] Level 5:colcon.colcon_core.verb:set package 'ada_feeding_msgs' build argument 'catkin_skip_building_tests' from command line to 'False'
[0.635s] DEBUG:colcon.colcon_core.verb:Building package 'ada_feeding_msgs' with the following arguments: {'ament_cmake_args': None, 'build_base': '/home/rkarim/ros2_ws/src/ada_feeding/build/ada_feeding_msgs', 'catkin_cmake_args': None, 'catkin_skip_building_tests': False, 'cmake_args': None, 'cmake_clean_cache': False, 'cmake_clean_first': False, 'cmake_force_configure': False, 'cmake_target': None, 'cmake_target_skip_unavailable': False, 'install_base': '/home/rkarim/ros2_ws/src/ada_feeding/install/ada_feeding_msgs', 'merge_install': False, 'path': '/home/rkarim/ros2_ws/src/ada_feeding/ada_feeding_msgs', 'symlink_install': False, 'test_result_base': None}
[0.635s] Level 5:colcon.colcon_core.verb:set package 'ada_feeding_perception' build argument 'cmake_args' from command line to 'None'
[0.635s] Level 5:colcon.colcon_core.verb:set package 'ada_feeding_perception' build argument 'cmake_target' from command line to 'None'
[0.635s] Level 5:colcon.colcon_core.verb:set package 'ada_feeding_perception' build argument 'cmake_target_skip_unavailable' from command line to 'False'
[0.635s] Level 5:colcon.colcon_core.verb:set package 'ada_feeding_perception' build argument 'cmake_clean_cache' from command line to 'False'
[0.635s] Level 5:colcon.colcon_core.verb:set package 'ada_feeding_perception' build argument 'cmake_clean_first' from command line to 'False'
[0.635s] Level 5:colcon.colcon_core.verb:set package 'ada_feeding_perception' build argument 'cmake_force_configure' from command line to 'False'
[0.635s] Level 5:colcon.colcon_core.verb:set package 'ada_feeding_perception' build argument 'ament_cmake_args' from command line to 'None'
[0.635s] Level 5:colcon.colcon_core.verb:set package 'ada_feeding_perception' build argument 'catkin_cmake_args' from command line to 'None'
[0.635s] Level 5:colcon.colcon_core.verb:set package 'ada_feeding_perception' build argument 'catkin_skip_building_tests' from command line to 'False'
[0.635s] DEBUG:colcon.colcon_core.verb:Building package 'ada_feeding_perception' with the following arguments: {'ament_cmake_args': None, 'build_base': '/home/rkarim/ros2_ws/src/ada_feeding/build/ada_feeding_perception', 'catkin_cmake_args': None, 'catkin_skip_building_tests': False, 'cmake_args': None, 'cmake_clean_cache': False, 'cmake_clean_first': False, 'cmake_force_configure': False, 'cmake_target': None, 'cmake_target_skip_unavailable': False, 'install_base': '/home/rkarim/ros2_ws/src/ada_feeding/install/ada_feeding_perception', 'merge_install': False, 'path': '/home/rkarim/ros2_ws/src/ada_feeding/ada_feeding_perception', 'symlink_install': False, 'test_result_base': None}
[0.635s] INFO:colcon.colcon_core.executor:Executing jobs using 'parallel' executor
[0.637s] DEBUG:colcon.colcon_parallel_executor.executor.parallel:run_until_complete
[0.637s] INFO:colcon.colcon_ros.task.ament_cmake.build:Building ROS package in '/home/rkarim/ros2_ws/src/ada_feeding/ada_feeding' with build type 'ament_cmake'
[0.637s] INFO:colcon.colcon_cmake.task.cmake.build:Building CMake package in '/home/rkarim/ros2_ws/src/ada_feeding/ada_feeding'
[0.643s] INFO:colcon.colcon_core.plugin_system:Skipping extension 'colcon_core.shell.bat': Not used on non-Windows systems
[0.644s] INFO:colcon.colcon_core.shell:Skip shell extension 'powershell' for command environment: Not usable outside of PowerShell
[0.644s] DEBUG:colcon.colcon_core.shell:Skip shell extension 'dsv' for command environment
[0.646s] INFO:colcon.colcon_ros.task.ament_cmake.build:Building ROS package in '/home/rkarim/ros2_ws/src/ada_feeding/ada_feeding_msgs' with build type 'ament_cmake'
[0.646s] INFO:colcon.colcon_cmake.task.cmake.build:Building CMake package in '/home/rkarim/ros2_ws/src/ada_feeding/ada_feeding_msgs'
[0.647s] INFO:colcon.colcon_core.shell:Skip shell extension 'powershell' for command environment: Not usable outside of PowerShell
[0.647s] DEBUG:colcon.colcon_core.shell:Skip shell extension 'dsv' for command environment
[0.649s] INFO:colcon.colcon_ros.task.ament_python.build:Building ROS package in '/home/rkarim/ros2_ws/src/ada_feeding/ada_feeding_perception' with build type 'ament_python'
[0.649s] Level 1:colcon.colcon_core.shell:create_environment_hook('ada_feeding_perception', 'ament_prefix_path')
[0.650s] INFO:colcon.colcon_core.shell:Creating environment hook '/home/rkarim/ros2_ws/src/ada_feeding/install/ada_feeding_perception/share/ada_feeding_perception/hook/ament_prefix_path.ps1'
[0.651s] INFO:colcon.colcon_core.shell:Creating environment descriptor '/home/rkarim/ros2_ws/src/ada_feeding/install/ada_feeding_perception/share/ada_feeding_perception/hook/ament_prefix_path.dsv'
[0.651s] INFO:colcon.colcon_core.shell:Creating environment hook '/home/rkarim/ros2_ws/src/ada_feeding/install/ada_feeding_perception/share/ada_feeding_perception/hook/ament_prefix_path.sh'
[0.654s] INFO:colcon.colcon_core.shell:Skip shell extension 'powershell' for command environment: Not usable outside of PowerShell
[0.654s] DEBUG:colcon.colcon_core.shell:Skip shell extension 'dsv' for command environment
[0.658s] DEBUG:colcon.colcon_core.event_handler.log_command:Invoking command in '/home/rkarim/ros2_ws/src/ada_feeding/build/ada_feeding': CMAKE_PREFIX_PATH=/opt/ros/humble /usr/bin/cmake /home/rkarim/ros2_ws/src/ada_feeding/ada_feeding -DCMAKE_INSTALL_PREFIX=/home/rkarim/ros2_ws/src/ada_feeding/install/ada_feeding
[0.663s] DEBUG:colcon.colcon_core.event_handler.log_command:Invoking command in '/home/rkarim/ros2_ws/src/ada_feeding/build/ada_feeding_msgs': CMAKE_PREFIX_PATH=/opt/ros/humble /usr/bin/cmake /home/rkarim/ros2_ws/src/ada_feeding/ada_feeding_msgs -DCMAKE_INSTALL_PREFIX=/home/rkarim/ros2_ws/src/ada_feeding/install/ada_feeding_msgs
[0.842s] INFO:colcon.colcon_core.task.python.build:Building Python package in '/home/rkarim/ros2_ws/src/ada_feeding/ada_feeding_perception'
[0.843s] INFO:colcon.colcon_core.shell:Skip shell extension 'powershell' for command environment: Not usable outside of PowerShell
[0.843s] DEBUG:colcon.colcon_core.shell:Skip shell extension 'dsv' for command environment
[1.270s] DEBUG:colcon.colcon_core.event_handler.log_command:Invoking command in '/home/rkarim/ros2_ws/src/ada_feeding/ada_feeding_perception': PYTHONPATH=/home/rkarim/ros2_ws/src/ada_feeding/build/ada_feeding_perception/prefix_override:/home/rkarim/ros2_ws/src/ada_feeding/install/ada_feeding_perception/lib/python3.10/site-packages:${PYTHONPATH} /usr/bin/python3 setup.py egg_info --egg-base ../build/ada_feeding_perception build --build-base /home/rkarim/ros2_ws/src/ada_feeding/build/ada_feeding_perception/build install --record /home/rkarim/ros2_ws/src/ada_feeding/build/ada_feeding_perception/install.log --single-version-externally-managed
[1.454s] DEBUG:colcon.colcon_core.event_handler.log_command:Invoked command in '/home/rkarim/ros2_ws/src/ada_feeding/ada_feeding_perception' returned '0': PYTHONPATH=/home/rkarim/ros2_ws/src/ada_feeding/build/ada_feeding_perception/prefix_override:/home/rkarim/ros2_ws/src/ada_feeding/install/ada_feeding_perception/lib/python3.10/site-packages:${PYTHONPATH} /usr/bin/python3 setup.py egg_info --egg-base ../build/ada_feeding_perception build --build-base /home/rkarim/ros2_ws/src/ada_feeding/build/ada_feeding_perception/build install --record /home/rkarim/ros2_ws/src/ada_feeding/build/ada_feeding_perception/install.log --single-version-externally-managed
[1.459s] Level 1:colcon.colcon_core.environment:checking '/home/rkarim/ros2_ws/src/ada_feeding/install/ada_feeding_perception' for CMake module files
[1.460s] Level 1:colcon.colcon_core.environment:checking '/home/rkarim/ros2_ws/src/ada_feeding/install/ada_feeding_perception' for CMake config files
[1.460s] Level 1:colcon.colcon_core.environment:checking '/home/rkarim/ros2_ws/src/ada_feeding/install/ada_feeding_perception/lib'
[1.460s] Level 1:colcon.colcon_core.environment:checking '/home/rkarim/ros2_ws/src/ada_feeding/install/ada_feeding_perception/bin'
[1.460s] Level 1:colcon.colcon_core.environment:checking '/home/rkarim/ros2_ws/src/ada_feeding/install/ada_feeding_perception/lib/pkgconfig/ada_feeding_perception.pc'
[1.460s] Level 1:colcon.colcon_core.environment:checking '/home/rkarim/ros2_ws/src/ada_feeding/install/ada_feeding_perception/lib/python3.10/site-packages'
[1.460s] Level 1:colcon.colcon_core.shell:create_environment_hook('ada_feeding_perception', 'pythonpath')
[1.461s] INFO:colcon.colcon_core.shell:Creating environment hook '/home/rkarim/ros2_ws/src/ada_feeding/install/ada_feeding_perception/share/ada_feeding_perception/hook/pythonpath.ps1'
[1.461s] INFO:colcon.colcon_core.shell:Creating environment descriptor '/home/rkarim/ros2_ws/src/ada_feeding/install/ada_feeding_perception/share/ada_feeding_perception/hook/pythonpath.dsv'
[1.461s] INFO:colcon.colcon_core.shell:Creating environment hook '/home/rkarim/ros2_ws/src/ada_feeding/install/ada_feeding_perception/share/ada_feeding_perception/hook/pythonpath.sh'
[1.461s] Level 1:colcon.colcon_core.environment:checking '/home/rkarim/ros2_ws/src/ada_feeding/install/ada_feeding_perception/bin'
[1.461s] Level 1:colcon.colcon_core.environment:create_environment_scripts_only(ada_feeding_perception)
[1.462s] INFO:colcon.colcon_core.shell:Creating package script '/home/rkarim/ros2_ws/src/ada_feeding/install/ada_feeding_perception/share/ada_feeding_perception/package.ps1'
[1.462s] INFO:colcon.colcon_core.shell:Creating package descriptor '/home/rkarim/ros2_ws/src/ada_feeding/install/ada_feeding_perception/share/ada_feeding_perception/package.dsv'
[1.463s] INFO:colcon.colcon_core.shell:Creating package script '/home/rkarim/ros2_ws/src/ada_feeding/install/ada_feeding_perception/share/ada_feeding_perception/package.sh'
[1.464s] INFO:colcon.colcon_core.shell:Creating package script '/home/rkarim/ros2_ws/src/ada_feeding/install/ada_feeding_perception/share/ada_feeding_perception/package.bash'
[1.464s] INFO:colcon.colcon_core.shell:Creating package script '/home/rkarim/ros2_ws/src/ada_feeding/install/ada_feeding_perception/share/ada_feeding_perception/package.zsh'
[1.465s] Level 1:colcon.colcon_core.environment:create_file_with_runtime_dependencies(/home/rkarim/ros2_ws/src/ada_feeding/install/ada_feeding_perception/share/colcon-core/packages/ada_feeding_perception)
[2.177s] DEBUG:colcon.colcon_core.event_handler.log_command:Invoked command in '/home/rkarim/ros2_ws/src/ada_feeding/build/ada_feeding' returned '1': CMAKE_PREFIX_PATH=/opt/ros/humble /usr/bin/cmake /home/rkarim/ros2_ws/src/ada_feeding/ada_feeding -DCMAKE_INSTALL_PREFIX=/home/rkarim/ros2_ws/src/ada_feeding/install/ada_feeding
[2.186s] Level 1:colcon.colcon_core.environment:create_environment_scripts_only(ada_feeding)
[2.187s] Level 1:colcon.colcon_core.environment:checking '/home/rkarim/ros2_ws/src/ada_feeding/install/ada_feeding' for CMake module files
[2.187s] Level 1:colcon.colcon_core.environment:checking '/home/rkarim/ros2_ws/src/ada_feeding/install/ada_feeding' for CMake config files
[2.188s] Level 1:colcon.colcon_core.environment:checking '/home/rkarim/ros2_ws/src/ada_feeding/install/ada_feeding/bin'
[2.188s] Level 1:colcon.colcon_core.environment:checking '/home/rkarim/ros2_ws/src/ada_feeding/install/ada_feeding/lib/pkgconfig/ada_feeding.pc'
[2.188s] Level 1:colcon.colcon_core.environment:checking '/home/rkarim/ros2_ws/src/ada_feeding/install/ada_feeding/lib/python3.10/site-packages'
[2.188s] Level 1:colcon.colcon_core.environment:checking '/home/rkarim/ros2_ws/src/ada_feeding/install/ada_feeding/bin'
[2.188s] INFO:colcon.colcon_core.shell:Creating package script '/home/rkarim/ros2_ws/src/ada_feeding/install/ada_feeding/share/ada_feeding/package.ps1'
[2.189s] INFO:colcon.colcon_core.shell:Creating package descriptor '/home/rkarim/ros2_ws/src/ada_feeding/install/ada_feeding/share/ada_feeding/package.dsv'
[2.189s] INFO:colcon.colcon_core.shell:Creating package script '/home/rkarim/ros2_ws/src/ada_feeding/install/ada_feeding/share/ada_feeding/package.sh'
[2.189s] INFO:colcon.colcon_core.shell:Creating package script '/home/rkarim/ros2_ws/src/ada_feeding/install/ada_feeding/share/ada_feeding/package.bash'
[2.189s] INFO:colcon.colcon_core.shell:Creating package script '/home/rkarim/ros2_ws/src/ada_feeding/install/ada_feeding/share/ada_feeding/package.zsh'
[2.189s] Level 1:colcon.colcon_core.environment:create_file_with_runtime_dependencies(/home/rkarim/ros2_ws/src/ada_feeding/install/ada_feeding/share/colcon-core/packages/ada_feeding)
[2.521s] DEBUG:colcon.colcon_parallel_executor.executor.parallel:closing loop
[2.521s] DEBUG:colcon.colcon_parallel_executor.executor.parallel:loop closed
[2.521s] DEBUG:colcon.colcon_parallel_executor.executor.parallel:run_until_complete finished with '1'
[2.521s] DEBUG:colcon.colcon_core.event_reactor:joining thread
[2.527s] INFO:colcon.colcon_core.plugin_system:Skipping extension 'colcon_notification.desktop_notification.terminal_notifier': Not used on non-Darwin systems
[2.527s] INFO:colcon.colcon_core.plugin_system:Skipping extension 'colcon_notification.desktop_notification.win32': Not used on non-Windows systems
[2.527s] INFO:colcon.colcon_notification.desktop_notification:Sending desktop notification using 'notify2'
[2.566s] DEBUG:colcon.colcon_core.event_reactor:joined thread
[2.567s] INFO:colcon.colcon_core.shell:Creating prefix script '/home/rkarim/ros2_ws/src/ada_feeding/install/local_setup.ps1'
[2.568s] INFO:colcon.colcon_core.shell:Creating prefix util module '/home/rkarim/ros2_ws/src/ada_feeding/install/_local_setup_util_ps1.py'
[2.569s] INFO:colcon.colcon_core.shell:Creating prefix chain script '/home/rkarim/ros2_ws/src/ada_feeding/install/setup.ps1'
[2.570s] INFO:colcon.colcon_core.shell:Creating prefix script '/home/rkarim/ros2_ws/src/ada_feeding/install/local_setup.sh'
[2.571s] INFO:colcon.colcon_core.shell:Creating prefix util module '/home/rkarim/ros2_ws/src/ada_feeding/install/_local_setup_util_sh.py'
[2.571s] INFO:colcon.colcon_core.shell:Creating prefix chain script '/home/rkarim/ros2_ws/src/ada_feeding/install/setup.sh'
[2.572s] INFO:colcon.colcon_core.shell:Creating prefix script '/home/rkarim/ros2_ws/src/ada_feeding/install/local_setup.bash'
[2.573s] INFO:colcon.colcon_core.shell:Creating prefix chain script '/home/rkarim/ros2_ws/src/ada_feeding/install/setup.bash'
[2.574s] INFO:colcon.colcon_core.shell:Creating prefix script '/home/rkarim/ros2_ws/src/ada_feeding/install/local_setup.zsh'
[2.574s] INFO:colcon.colcon_core.shell:Creating prefix chain script '/home/rkarim/ros2_ws/src/ada_feeding/install/setup.zsh'
